[01m[K/home/user/ros2_ws/src/battery_monitoring/src/server.cpp:5:19:[m[K [01;31m[Kerror: [m[Kexpected '[01m[K,[m[K' or '[01m[K...[m[K' before '[01m[Kconst[m[K'
    5 | void add(int *num [01;31m[Kconst[m[K std::shared_ptr<
      |                   [01;31m[K^~~~~[m[K
[01m[K/home/user/ros2_ws/src/battery_monitoring/src/server.cpp:[m[K In function '[01m[Kvoid add(int*)[m[K':
[01m[K/home/user/ros2_ws/src/battery_monitoring/src/server.cpp:10:3:[m[K [01;31m[Kerror: [m[K'[01m[Kresponse[m[K' was not declared in this scope
   10 |   [01;31m[Kresponse[m[K->percentage = 90.8; // CHANGE
      |   [01;31m[K^~~~~~~~[m[K
In file included from [01m[K/opt/ros/foxy/include/rclcpp/client.hpp:40[m[K,
                 from [01m[K/opt/ros/foxy/include/rclcpp/callback_group.hpp:23[m[K,
                 from [01m[K/opt/ros/foxy/include/rclcpp/any_executable.hpp:20[m[K,
                 from [01m[K/opt/ros/foxy/include/rclcpp/memory_strategy.hpp:24[m[K,
                 from [01m[K/opt/ros/foxy/include/rclcpp/memory_strategies.hpp:18[m[K,
                 from [01m[K/opt/ros/foxy/include/rclcpp/executor_options.hpp:20[m[K,
                 from [01m[K/opt/ros/foxy/include/rclcpp/executor.hpp:33[m[K,
                 from [01m[K/opt/ros/foxy/include/rclcpp/executors/multi_threaded_executor.hpp:26[m[K,
                 from [01m[K/opt/ros/foxy/include/rclcpp/executors.hpp:21[m[K,
                 from [01m[K/opt/ros/foxy/include/rclcpp/rclcpp.hpp:146[m[K,
                 from [01m[K/home/user/ros2_ws/src/battery_monitoring/src/server.cpp:2[m[K:
[01m[K/home/user/ros2_ws/src/battery_monitoring/src/server.cpp:13:15:[m[K [01;31m[Kerror: [m[K'[01m[Krequest[m[K' was not declared in this scope
   13 |               [01;31m[Krequest[m[K->batterynum);       // CHANGE
      |               [01;31m[K^~~~~~~[m[K
[01m[K/home/user/ros2_ws/src/battery_monitoring/src/server.cpp:5:15:[m[K [01;35m[Kwarning: [m[Kunused parameter '[01m[Knum[m[K' [[01;35m[K-Wunused-parameter[m[K]
    5 | void add([01;35m[Kint *num[m[K const std::shared_ptr<
      |          [01;35m[K~~~~~^~~[m[K
[01m[K/home/user/ros2_ws/src/battery_monitoring/src/server.cpp:[m[K In function '[01m[Kint main(int, char**)[m[K':
[01m[K/home/user/ros2_ws/src/battery_monitoring/src/server.cpp:27:65:[m[K [01;31m[Kerror: [m[Kcannot convert '[01m[Kconst std::_Placeholder<1>[m[K' to '[01m[Kint*[m[K'
   27 |           "add_three_ints", boost::bind(&add([01;31m[Kstd::placeholders::_1[m[K)); // CHANGE
      |                                              [01;31m[K~~~~~~~~~~~~~~~~~~~^~[m[K
      |                                                                 [01;31m[K|[m[K
      |                                                                 [01;31m[Kconst std::_Placeholder<1>[m[K
[01m[K/home/user/ros2_ws/src/battery_monitoring/src/server.cpp:5:15:[m[K [01;36m[Knote: [m[K  initializing argument 1 of '[01m[Kvoid add(int*)[m[K'
    5 | void add([01;36m[Kint *num[m[K const std::shared_ptr<
      |          [01;36m[K~~~~~^~~[m[K
make[2]: *** [CMakeFiles/server.dir/build.make:63: CMakeFiles/server.dir/src/server.cpp.o] Error 1
make[1]: *** [CMakeFiles/Makefile2:152: CMakeFiles/server.dir/all] Error 2
make: *** [Makefile:141: all] Error 2
