[01m[K/home/user/ros2_ws/src/battery_monitoring/src/server.cpp:[m[K In function '[01m[Kint main(int, char**)[m[K':
[01m[K/home/user/ros2_ws/src/battery_monitoring/src/server.cpp:30:16:[m[K [01;31m[Kerror: [m[Kexpected '[01m[K)[m[K' before '[01m[K;[m[K' token
   30 |               )[01;31m[K;[m[K // CHANGE
      |                [01;31m[K^[m[K
      |                [32m[K)[m[K
[01m[K/home/user/ros2_ws/src/battery_monitoring/src/server.cpp:26:72:[m[K [01;36m[Knote: [m[Kto match this '[01m[K([m[K'
   26 |       node->create_service<battery_monitoring::srv::RobotBatteryStatus>[01;36m[K([m[K
      |                                                                        [01;36m[K^[m[K
make[2]: *** [CMakeFiles/server.dir/build.make:63: CMakeFiles/server.dir/src/server.cpp.o] Error 1
make[1]: *** [CMakeFiles/Makefile2:152: CMakeFiles/server.dir/all] Error 2
make: *** [Makefile:141: all] Error 2
