[0.021s] Invoking command in '/home/user/ros2_ws/build/ros_battery_monitoring': CMAKE_PREFIX_PATH=${CMAKE_PREFIX_PATH}:/opt/ros/foxy _=/usr/bin/env /usr/bin/cmake --build /home/user/ros2_ws/build/ros_battery_monitoring -- -j8 -l8
[0.054s] -- Found ament_cmake: 0.9.9 (/opt/ros/foxy/share/ament_cmake/cmake)
[0.083s] -- Found PythonInterp: /usr/bin/python3 (found suitable version "3.8.10", minimum required is "3") 
[0.084s] -- Using PYTHON_EXECUTABLE: /usr/bin/python3
[0.387s] -- Found rosidl_default_generators: 1.0.1 (/opt/ros/foxy/share/rosidl_default_generators/cmake)
[0.390s] -- Using all available rosidl_typesupport_c: rosidl_typesupport_fastrtps_c;rosidl_typesupport_introspection_c
[0.395s] -- Found rosidl_adapter: 1.2.1 (/opt/ros/foxy/share/rosidl_adapter/cmake)
[0.643s] -- Using all available rosidl_typesupport_cpp: rosidl_typesupport_fastrtps_cpp;rosidl_typesupport_introspection_cpp
[0.705s] -- Found PythonInterp: /usr/bin/python3 (found version "3.8.10") 
[0.855s] -- Found ament_cmake_ros: 0.9.2 (/opt/ros/foxy/share/ament_cmake_ros/cmake)
[1.040s] -- Using all available rosidl_typesupport_c: rosidl_typesupport_fastrtps_c;rosidl_typesupport_introspection_c
[1.051s] -- Using all available rosidl_typesupport_cpp: rosidl_typesupport_fastrtps_cpp;rosidl_typesupport_introspection_cpp
[1.082s] -- Found PythonInterp: /usr/bin/python3 (found suitable version "3.8.10", minimum required is "3.5") 
[1.082s] -- Found python_cmake_module: 0.8.1 (/opt/ros/foxy/share/python_cmake_module/cmake)
[1.113s] -- Using PYTHON_EXECUTABLE: /usr/bin/python3
[1.113s] -- Using PYTHON_INCLUDE_DIRS: /usr/include/python3.8
[1.113s] -- Using PYTHON_LIBRARIES: /usr/lib/x86_64-linux-gnu/libpython3.8.so
[1.131s] -- Found ament_lint_auto: 0.9.6 (/opt/ros/foxy/share/ament_lint_auto/cmake)
[1.145s] -- Added test 'copyright' to check source files copyright and LICENSE
[1.147s] -- Added test 'cppcheck' to perform static code analysis on C / C++ code
[1.148s] -- Configured cppcheck include dirs: 
[1.148s] -- Configured cppcheck exclude dirs and/or files: 
[1.149s] -- Added test 'cpplint' to check C / C++ code against the Google style
[1.149s] -- Configured cpplint exclude dirs and/or files: 
[1.150s] -- Added test 'lint_cmake' to check CMake code style
[1.151s] -- Added test 'uncrustify' to check C / C++ code style
[1.152s] -- Configured uncrustify additional arguments: 
[1.152s] -- Added test 'xmllint' to check XML markup files
[1.158s] -- Configuring done
[1.204s] -- Generating done
[1.209s] -- Build files have been written to: /home/user/ros2_ws/build/ros_battery_monitoring
[1.242s] [35m[1mScanning dependencies of target client[0m
[1.243s] [35m[1mScanning dependencies of target server[0m
[1.258s] [  2%] [32mBuilding CXX object CMakeFiles/server.dir/src/batteryMonitoringServer.cpp.o[0m
[1.258s] [  5%] [32mBuilding CXX object CMakeFiles/client.dir/src/RobotClient.cpp.o[0m
[1.260s] [  8%] Built target ros_battery_monitoring__cpp
[1.263s] [ 17%] Built target ros_battery_monitoring__rosidl_generator_c
[1.269s] [01m[K/home/user/ros2_ws/src/ros_battery_monitoring/src/batteryMonitoringServer.cpp:1:10:[m[K [01;31m[Kfatal error: [m[Krclcpp/rclcpp.hpp: No such file or directory
[1.270s]     1 | #include [01;31m[K"rclcpp/rclcpp.hpp"[m[K
[1.270s]       |          [01;31m[K^~~~~~~~~~~~~~~~~~~[m[K
[1.270s] compilation terminated.
[1.271s] make[2]: *** [CMakeFiles/server.dir/build.make:63: CMakeFiles/server.dir/src/batteryMonitoringServer.cpp.o] Error 1
[1.271s] make[1]: *** [CMakeFiles/Makefile2:125: CMakeFiles/server.dir/all] Error 2
[1.272s] make[1]: *** Waiting for unfinished jobs....
[1.275s] [01m[K/home/user/ros2_ws/src/ros_battery_monitoring/src/RobotClient.cpp:1:10:[m[K [01;31m[Kfatal error: [m[Krclcpp/rclcpp.hpp: No such file or directory
[1.275s]     1 | #include [01;31m[K"rclcpp/rclcpp.hpp"[m[K
[1.275s]       |          [01;31m[K^~~~~~~~~~~~~~~~~~~[m[K
[1.275s] compilation terminated.
[1.276s] make[2]: *** [CMakeFiles/client.dir/build.make:63: CMakeFiles/client.dir/src/RobotClient.cpp.o] Error 1
[1.301s] make[1]: *** [CMakeFiles/Makefile2:215: CMakeFiles/client.dir/all] Error 2
[1.319s] [ 25%] Built target ros_battery_monitoring__rosidl_typesupport_introspection_cpp
[1.327s] [ 34%] Built target ros_battery_monitoring__rosidl_typesupport_introspection_c
[1.337s] [ 42%] Built target ros_battery_monitoring__rosidl_typesupport_cpp
[1.338s] [ 51%] Built target ros_battery_monitoring__rosidl_typesupport_fastrtps_cpp
[1.339s] make: *** [Makefile:141: all] Error 2
[1.341s] Invoked command in '/home/user/ros2_ws/build/ros_battery_monitoring' returned '2': CMAKE_PREFIX_PATH=${CMAKE_PREFIX_PATH}:/opt/ros/foxy _=/usr/bin/env /usr/bin/cmake --build /home/user/ros2_ws/build/ros_battery_monitoring -- -j8 -l8
