[  5%] Built target client
[ 14%] Built target battery_monitoring__rosidl_generator_c
[ 17%] Built target battery_monitoring__cpp
[ 25%] Built target battery_monitoring__rosidl_typesupport_c
[ 34%] Built target battery_monitoring__rosidl_typesupport_introspection_cpp
[ 42%] Built target battery_monitoring__rosidl_typesupport_fastrtps_cpp
[ 51%] Built target battery_monitoring__rosidl_typesupport_cpp
[ 60%] Built target battery_monitoring__rosidl_typesupport_fastrtps_c
[ 68%] Built target battery_monitoring__rosidl_typesupport_introspection_c
[35m[1mScanning dependencies of target server[0m
[ 71%] [32mBuilding CXX object CMakeFiles/server.dir/src/server.cpp.o[0m
In file included from [01m[K/opt/ros/foxy/include/rclcpp/context.hpp:19[m[K,
                 from [01m[K/opt/ros/foxy/include/rclcpp/contexts/default_context.hpp:18[m[K,
                 from [01m[K/opt/ros/foxy/include/rclcpp/executor.hpp:32[m[K,
                 from [01m[K/opt/ros/foxy/include/rclcpp/executors/multi_threaded_executor.hpp:26[m[K,
                 from [01m[K/opt/ros/foxy/include/rclcpp/executors.hpp:21[m[K,
                 from [01m[K/opt/ros/foxy/include/rclcpp/rclcpp.hpp:146[m[K,
                 from [01m[K/home/user/ros2_ws/src/battery_monitoring/src/server.cpp:2[m[K:
/usr/include/c++/9/functional: In instantiation of '[01m[Kstruct std::_Bind_check_arity<void (*)(std::shared_ptr<battery_monitoring::srv::RobotBatteryStatus_Request_<std::allocator<void> > >, std::shared_ptr<battery_monitoring::srv::RobotBatteryStatus_Response_<std::allocator<void> > >), const std::_Placeholder<1>&>[m[K':
[01m[K/usr/include/c++/9/functional:787:12:[m[K   required from '[01m[Kstruct std::_Bind_helper<false, void (&)(std::shared_ptr<battery_monitoring::srv::RobotBatteryStatus_Request_<std::allocator<void> > >, std::shared_ptr<battery_monitoring::srv::RobotBatteryStatus_Response_<std::allocator<void> > >), const std::_Placeholder<1>&>[m[K'
[01m[K/usr/include/c++/9/functional:808:5:[m[K   required by substitution of '[01m[Ktemplate<class _Func, class ... _BoundArgs> typename std::_Bind_helper<std::__is_socketlike<_Func>::value, _Func, _BoundArgs ...>::type std::bind(_Func&&, _BoundArgs&& ...) [with _Func = void (&)(std::shared_ptr<battery_monitoring::srv::RobotBatteryStatus_Request_<std::allocator<void> > >, std::shared_ptr<battery_monitoring::srv::RobotBatteryStatus_Response_<std::allocator<void> > >); _BoundArgs = {const std::_Placeholder<1>&}][m[K'
[01m[K/home/user/ros2_ws/src/battery_monitoring/src/server.cpp:37:50:[m[K   required from here
[01m[K/usr/include/c++/9/functional:758:43:[m[K [01;31m[Kerror: [m[Kstatic assertion failed: Wrong number of arguments for function
  758 |       static_assert([01;31m[Ksizeof...(_BoundArgs) == sizeof...(_Args)[m[K,
      |                     [01;31m[K~~~~~~~~~~~~~~~~~~~~~~^~~~~~~~~~~~~~~~~~~[m[K
[01m[K/home/user/ros2_ws/src/battery_monitoring/src/server.cpp:[m[K In function '[01m[Kint main(int, char**)[m[K':
[01m[K/home/user/ros2_ws/src/battery_monitoring/src/server.cpp:37:23:[m[K [01;31m[Kerror: [m[Kconversion from '[01m[Kstd::_Bind_helper<false, void (&)(std::shared_ptr<battery_monitoring::srv::RobotBatteryStatus_Request_<std::allocator<void> > >, std::shared_ptr<battery_monitoring::srv::RobotBatteryStatus_Response_<std::allocator<void> > >), const std::_Placeholder<1>&>::type[m[K' {aka '[01m[Kstd::_Bind<void (*(std::_Placeholder<1>))(std::shared_ptr<battery_monitoring::srv::RobotBatteryStatus_Request_<std::allocator<void> > >, std::shared_ptr<battery_monitoring::srv::RobotBatteryStatus_Response_<std::allocator<void> > >)>[m[K'} to non-scalar type '[01m[Kstd::function<void(std::shared_ptr<rmw_request_id_t>, std::shared_ptr<battery_monitoring::srv::RobotBatteryStatus_Request_<std::allocator<void> > >, std::shared_ptr<battery_monitoring::srv::RobotBatteryStatus_Response_<std::allocator<void> > >)>[m[K' requested
   37 |       fcn2 = [01;31m[Kstd::bind(add, std::placeholders::_1)[m[K;
      |              [01;31m[K~~~~~~~~~^~~~~~~~~~~~~~~~~~~~~~~~~~~~[m[K
make[2]: *** [CMakeFiles/server.dir/build.make:63: CMakeFiles/server.dir/src/server.cpp.o] Error 1
make[1]: *** [CMakeFiles/Makefile2:152: CMakeFiles/server.dir/all] Error 2
make: *** [Makefile:141: all] Error 2
