[0.021s] Invoking command in '/home/user/ros2_ws/build/battery_monitoring': CMAKE_PREFIX_PATH=${CMAKE_PREFIX_PATH}:/opt/ros/foxy _=/usr/bin/env /usr/bin/cmake --build /home/user/ros2_ws/build/battery_monitoring -- -j8 -l8
[0.076s] [35m[1mScanning dependencies of target server[0m
[0.091s] [  2%] Built target battery_monitoring__cpp
[0.101s] [ 11%] Built target battery_monitoring__rosidl_generator_c
[0.115s] [ 17%] Built target client
[0.180s] [ 25%] Built target battery_monitoring__rosidl_typesupport_introspection_cpp
[0.193s] [ 34%] Built target battery_monitoring__rosidl_typesupport_cpp
[0.193s] [ 42%] [32mBuilding CXX object CMakeFiles/server.dir/src/server.cpp.o[0m
[0.194s] [ 45%] Built target battery_monitoring__rosidl_typesupport_fastrtps_cpp
[0.199s] [ 54%] Built target battery_monitoring__rosidl_typesupport_introspection_c
[0.199s] [ 62%] Built target battery_monitoring__rosidl_typesupport_c
[0.233s] [ 71%] Built target battery_monitoring__rosidl_typesupport_fastrtps_c
[0.299s] [ 71%] Built target battery_monitoring
[0.326s] [ 74%] Built target battery_monitoring__py
[0.361s] [ 80%] Built target battery_monitoring__python
[0.404s] [ 85%] Built target battery_monitoring__rosidl_typesupport_introspection_c__pyext
[0.404s] [ 91%] Built target battery_monitoring__rosidl_typesupport_fastrtps_c__pyext
[0.411s] [ 97%] Built target battery_monitoring__rosidl_typesupport_c__pyext
[2.597s] [01m[K/home/user/ros2_ws/src/battery_monitoring/src/server.cpp:[m[K In function '[01m[Kint main(int, char**)[m[K':
[2.597s] [01m[K/home/user/ros2_ws/src/battery_monitoring/src/server.cpp:30:47:[m[K [01;31m[Kerror: [m[Kreference to '[01m[K_1[m[K' is ambiguous
[2.597s]    30 |           "add_three_ints", boost::bind(&add, [01;31m[K_1[m[K, boost::ref(group))); // CHANGE
[2.597s]       |                                               [01;31m[K^~[m[K
[2.597s] In file included from [01m[K/opt/ros/foxy/include/rclcpp/context.hpp:19[m[K,
[2.597s]                  from [01m[K/opt/ros/foxy/include/rclcpp/contexts/default_context.hpp:18[m[K,
[2.597s]                  from [01m[K/opt/ros/foxy/include/rclcpp/executor.hpp:32[m[K,
[2.598s]                  from [01m[K/opt/ros/foxy/include/rclcpp/executors/multi_threaded_executor.hpp:26[m[K,
[2.598s]                  from [01m[K/opt/ros/foxy/include/rclcpp/executors.hpp:21[m[K,
[2.598s]                  from [01m[K/opt/ros/foxy/include/rclcpp/rclcpp.hpp:146[m[K,
[2.598s]                  from [01m[K/home/user/ros2_ws/src/battery_monitoring/src/server.cpp:2[m[K:
[2.598s] [01m[K/usr/include/c++/9/functional:211:34:[m[K [01;36m[Knote: [m[Kcandidates are: '[01m[Kconst std::_Placeholder<1> std::placeholders::_1[m[K'
[2.598s]   211 |     extern const _Placeholder<1> [01;36m[K_1[m[K;
[2.598s]       |                                  [01;36m[K^~[m[K
[2.598s] In file included from [01m[K/usr/include/boost/bind/bind.hpp:2356[m[K,
[2.599s]                  from [01m[K/usr/include/boost/bind.hpp:22[m[K,
[2.599s]                  from [01m[K/home/user/ros2_ws/src/battery_monitoring/src/server.cpp:3[m[K:
[2.599s] [01m[K/usr/include/boost/bind/placeholders.hpp:46:38:[m[K [01;36m[Knote: [m[K                '[01m[Kconstexpr const boost::arg<1> boost::placeholders::_1[m[K'
[2.599s]    46 | BOOST_STATIC_CONSTEXPR boost::arg<1> [01;36m[K_1[m[K;
[2.599s]       |                                      [01;36m[K^~[m[K
[2.599s] [01m[K/home/user/ros2_ws/src/battery_monitoring/src/server.cpp:30:62:[m[K [01;31m[Kerror: [m[K'[01m[Kgroup[m[K' was not declared in this scope
[2.599s]    30 |           "add_three_ints", boost::bind(&add, _1, boost::ref([01;31m[Kgroup[m[K))); // CHANGE
[2.600s]       |                                                              [01;31m[K^~~~~[m[K
[3.037s] make[2]: *** [CMakeFiles/server.dir/build.make:63: CMakeFiles/server.dir/src/server.cpp.o] Error 1
[3.037s] make[1]: *** [CMakeFiles/Makefile2:152: CMakeFiles/server.dir/all] Error 2
[3.037s] make: *** [Makefile:141: all] Error 2
[3.039s] Invoked command in '/home/user/ros2_ws/build/battery_monitoring' returned '2': CMAKE_PREFIX_PATH=${CMAKE_PREFIX_PATH}:/opt/ros/foxy _=/usr/bin/env /usr/bin/cmake --build /home/user/ros2_ws/build/battery_monitoring -- -j8 -l8
