[01m[K/home/user/ros2_ws/src/battery_monitoring/src/client.cpp:[m[K In function '[01m[Kint main(int, char**)[m[K':
[01m[K/home/user/ros2_ws/src/battery_monitoring/src/client.cpp:18:10:[m[K [01;31m[Kerror: [m[K'[01m[Kros2[m[K' has not been declared
   18 |   while ([01;31m[Kros2[m[K::ok()) {
      |          [01;31m[K^~~~[m[K
make[2]: *** [CMakeFiles/client.dir/build.make:63: CMakeFiles/client.dir/src/client.cpp.o] Error 1
make[1]: *** [CMakeFiles/Makefile2:125: CMakeFiles/client.dir/all] Error 2
make: *** [Makefile:141: all] Error 2
